<html>
<head>
<title>TestNG:  Extent Report Test</title>
<link href="../testng.css" rel="stylesheet" type="text/css" />
<link href="../my-testng.css" rel="stylesheet" type="text/css" />

<style type="text/css">
.log { display: none;} 
.stack-trace { display: none;} 
</style>
<script type="text/javascript">
<!--
function flip(e) {
  current = e.style.display;
  if (current == 'block') {
    e.style.display = 'none';
    return 0;
  }
  else {
    e.style.display = 'block';
    return 1;
  }
}

function toggleBox(szDivId, elem, msg1, msg2)
{
  var res = -1;  if (document.getElementById) {
    res = flip(document.getElementById(szDivId));
  }
  else if (document.all) {
    // this is the way old msie versions work
    res = flip(document.all[szDivId]);
  }
  if(elem) {
    if(res == 0) elem.innerHTML = msg1; else elem.innerHTML = msg2;
  }

}

function toggleAllBoxes() {
  if (document.getElementsByTagName) {
    d = document.getElementsByTagName('div');
    for (i = 0; i < d.length; i++) {
      if (d[i].className == 'log') {
        flip(d[i]);
      }
    }
  }
}

// -->
</script>

</head>
<body>
<h2 align='center'>Extent Report Test</h2><table border='1' align="center">
<tr>
<td>Tests passed/Failed/Skipped:</td><td>11/1/1</td>
</tr><tr>
<td>Started on:</td><td>Mon Mar 04 19:53:41 IST 2019</td>
</tr>
<tr><td>Total time:</td><td>1 seconds (1510 ms)</td>
</tr><tr>
<td>Included groups:</td><td></td>
</tr><tr>
<td>Excluded groups:</td><td></td>
</tr>
</table><p/>
<small><i>(Hover the method name to see the test class name)</i></small><p/>
<table width='100%' border='1' class='invocation-failed'>
<tr><td colspan='4' align='center'><b>FAILED TESTS</b></td></tr>
<tr><td><b>Test method</b></td>
<td width="30%"><b>Exception</b></td>
<td width="10%"><b>Time (seconds)</b></td>
<td><b>Instance</b></td>
</tr>
<tr>
<td title='com.maven.ExtentReport.ExtentDemo.reportfailTest()'><b>reportfailTest</b><br>Test class: com.maven.ExtentReport.ExtentDemo</td>
<td><div><pre>java.lang.AssertionError: expected [true] but found [false]
	at com.maven.ExtentReport.ExtentDemo.reportfailTest(ExtentDemo.java:126)
	at java.util.concurrent.ThreadPoolExecutor.runWorker(ThreadPoolExecutor.java:1142)
	at java.util.concurrent.ThreadPoolExecutor$Worker.run(ThreadPoolExecutor.java:617)
	at java.lang.Thread.run(Thread.java:745)
... Removed 14 stack frames</pre></div><a href='#' onClick='toggleBox("stack-trace1031713041", this, "Click to show all stack frames", "Click to hide stack frames")'>Click to show all stack frames</a>
<div class='stack-trace' id='stack-trace1031713041'><pre>java.lang.AssertionError: expected [true] but found [false]
	at org.testng.Assert.fail(Assert.java:96)
	at org.testng.Assert.failNotEquals(Assert.java:776)
	at org.testng.Assert.assertTrue(Assert.java:44)
	at org.testng.Assert.assertTrue(Assert.java:54)
	at com.maven.ExtentReport.ExtentDemo.reportfailTest(ExtentDemo.java:126)
	at sun.reflect.NativeMethodAccessorImpl.invoke0(Native Method)
	at sun.reflect.NativeMethodAccessorImpl.invoke(NativeMethodAccessorImpl.java:62)
	at sun.reflect.DelegatingMethodAccessorImpl.invoke(DelegatingMethodAccessorImpl.java:43)
	at java.lang.reflect.Method.invoke(Method.java:497)
	at org.testng.internal.MethodInvocationHelper.invokeMethod(MethodInvocationHelper.java:124)
	at org.testng.internal.Invoker.invokeMethod(Invoker.java:580)
	at org.testng.internal.Invoker.invokeTestMethod(Invoker.java:716)
	at org.testng.internal.Invoker.invokeTestMethods(Invoker.java:988)
	at org.testng.internal.TestMethodWorker.invokeTestMethods(TestMethodWorker.java:125)
	at org.testng.internal.TestMethodWorker.run(TestMethodWorker.java:109)
	at java.util.concurrent.ThreadPoolExecutor.runWorker(ThreadPoolExecutor.java:1142)
	at java.util.concurrent.ThreadPoolExecutor$Worker.run(ThreadPoolExecutor.java:617)
	at java.lang.Thread.run(Thread.java:745)
</pre></div></td>
<td>0</td>
<td>com.maven.ExtentReport.ExtentDemo@370736d9</td></tr>
</table><p>
<table width='100%' border='1' class='invocation-passed'>
<tr><td colspan='4' align='center'><b>PASSED TESTS</b></td></tr>
<tr><td><b>Test method</b></td>
<td width="30%"><b>Exception</b></td>
<td width="10%"><b>Time (seconds)</b></td>
<td><b>Instance</b></td>
</tr>
<tr>
<td title='com.maven.ExtentReport.ExtentDemo.reportPassTest1()'><b>reportPassTest1</b><br>Test class: com.maven.ExtentReport.ExtentDemo</td>
<td></td>
<td>0</td>
<td>com.maven.ExtentReport.ExtentDemo@370736d9</td></tr>
<tr>
<td title='com.maven.ExtentReport.ExtentDemo.reportPassTest10()'><b>reportPassTest10</b><br>Test class: com.maven.ExtentReport.ExtentDemo</td>
<td></td>
<td>0</td>
<td>com.maven.ExtentReport.ExtentDemo@370736d9</td></tr>
<tr>
<td title='com.maven.ExtentReport.ExtentDemo.reportPassTest11()'><b>reportPassTest11</b><br>Test class: com.maven.ExtentReport.ExtentDemo</td>
<td></td>
<td>0</td>
<td>com.maven.ExtentReport.ExtentDemo@370736d9</td></tr>
<tr>
<td title='com.maven.ExtentReport.ExtentDemo.reportPassTest2()'><b>reportPassTest2</b><br>Test class: com.maven.ExtentReport.ExtentDemo</td>
<td></td>
<td>0</td>
<td>com.maven.ExtentReport.ExtentDemo@370736d9</td></tr>
<tr>
<td title='com.maven.ExtentReport.ExtentDemo.reportPassTest3()'><b>reportPassTest3</b><br>Test class: com.maven.ExtentReport.ExtentDemo</td>
<td></td>
<td>0</td>
<td>com.maven.ExtentReport.ExtentDemo@370736d9</td></tr>
<tr>
<td title='com.maven.ExtentReport.ExtentDemo.reportPassTest4()'><b>reportPassTest4</b><br>Test class: com.maven.ExtentReport.ExtentDemo</td>
<td></td>
<td>0</td>
<td>com.maven.ExtentReport.ExtentDemo@370736d9</td></tr>
<tr>
<td title='com.maven.ExtentReport.ExtentDemo.reportPassTest5()'><b>reportPassTest5</b><br>Test class: com.maven.ExtentReport.ExtentDemo</td>
<td></td>
<td>0</td>
<td>com.maven.ExtentReport.ExtentDemo@370736d9</td></tr>
<tr>
<td title='com.maven.ExtentReport.ExtentDemo.reportPassTest6()'><b>reportPassTest6</b><br>Test class: com.maven.ExtentReport.ExtentDemo</td>
<td></td>
<td>0</td>
<td>com.maven.ExtentReport.ExtentDemo@370736d9</td></tr>
<tr>
<td title='com.maven.ExtentReport.ExtentDemo.reportPassTest7()'><b>reportPassTest7</b><br>Test class: com.maven.ExtentReport.ExtentDemo</td>
<td></td>
<td>0</td>
<td>com.maven.ExtentReport.ExtentDemo@370736d9</td></tr>
<tr>
<td title='com.maven.ExtentReport.ExtentDemo.reportPassTest8()'><b>reportPassTest8</b><br>Test class: com.maven.ExtentReport.ExtentDemo</td>
<td></td>
<td>0</td>
<td>com.maven.ExtentReport.ExtentDemo@370736d9</td></tr>
<tr>
<td title='com.maven.ExtentReport.ExtentDemo.reportPassTest9()'><b>reportPassTest9</b><br>Test class: com.maven.ExtentReport.ExtentDemo</td>
<td></td>
<td>0</td>
<td>com.maven.ExtentReport.ExtentDemo@370736d9</td></tr>
</table><p>
<table width='100%' border='1' class='invocation-skipped'>
<tr><td colspan='4' align='center'><b>SKIPPED TESTS</b></td></tr>
<tr><td><b>Test method</b></td>
<td width="30%"><b>Exception</b></td>
<td width="10%"><b>Time (seconds)</b></td>
<td><b>Instance</b></td>
</tr>
<tr>
<td title='com.maven.ExtentReport.ExtentDemo.skipTest()'><b>skipTest</b><br>Test class: com.maven.ExtentReport.ExtentDemo</td>
<td><div><pre>org.testng.SkipException: Skipping test
	at com.maven.ExtentReport.ExtentDemo.skipTest(ExtentDemo.java:134)
	at java.util.concurrent.ThreadPoolExecutor.runWorker(ThreadPoolExecutor.java:1142)
	at java.util.concurrent.ThreadPoolExecutor$Worker.run(ThreadPoolExecutor.java:617)
	at java.lang.Thread.run(Thread.java:745)
... Removed 10 stack frames</pre></div><a href='#' onClick='toggleBox("stack-trace1221967902", this, "Click to show all stack frames", "Click to hide stack frames")'>Click to show all stack frames</a>
<div class='stack-trace' id='stack-trace1221967902'><pre>org.testng.SkipException: Skipping test
	at com.maven.ExtentReport.ExtentDemo.skipTest(ExtentDemo.java:134)
	at sun.reflect.NativeMethodAccessorImpl.invoke0(Native Method)
	at sun.reflect.NativeMethodAccessorImpl.invoke(NativeMethodAccessorImpl.java:62)
	at sun.reflect.DelegatingMethodAccessorImpl.invoke(DelegatingMethodAccessorImpl.java:43)
	at java.lang.reflect.Method.invoke(Method.java:497)
	at org.testng.internal.MethodInvocationHelper.invokeMethod(MethodInvocationHelper.java:124)
	at org.testng.internal.Invoker.invokeMethod(Invoker.java:580)
	at org.testng.internal.Invoker.invokeTestMethod(Invoker.java:716)
	at org.testng.internal.Invoker.invokeTestMethods(Invoker.java:988)
	at org.testng.internal.TestMethodWorker.invokeTestMethods(TestMethodWorker.java:125)
	at org.testng.internal.TestMethodWorker.run(TestMethodWorker.java:109)
	at java.util.concurrent.ThreadPoolExecutor.runWorker(ThreadPoolExecutor.java:1142)
	at java.util.concurrent.ThreadPoolExecutor$Worker.run(ThreadPoolExecutor.java:617)
	at java.lang.Thread.run(Thread.java:745)
</pre></div></td>
<td>0</td>
<td>com.maven.ExtentReport.ExtentDemo@370736d9</td></tr>
</table><p>
</body>
</html>