<?xml version="1.0" encoding="UTF-8"?>
<!-- Generated by org.testng.reporters.JUnitXMLReporter -->
<testsuite hostname="INW-170" ignored="0" name="FullRegUser Test" tests="15" failures="1" timestamp="10 May 2019 14:41:51 GMT" time="1.876" errors="0">
  <testcase name="TitleTest" time="0.159" classname="com.maven.PchTestClass.FullRegtest"/>
  <testcase name="FirstNameTest" time="0.127" classname="com.maven.PchTestClass.FullRegtest"/>
  <testcase name="LastNameTest" time="0.125" classname="com.maven.PchTestClass.FullRegtest"/>
  <testcase name="AddTest" time="0.077" classname="com.maven.PchTestClass.FullRegtest"/>
  <testcase name="AptTest" time="0.152" classname="com.maven.PchTestClass.FullRegtest"/>
  <testcase name="CityTest" time="0.152" classname="com.maven.PchTestClass.FullRegtest"/>
  <testcase name="StateTest" time="0.111" classname="com.maven.PchTestClass.FullRegtest"/>
  <testcase name="ZipTest" time="0.11" classname="com.maven.PchTestClass.FullRegtest"/>
  <testcase name="EmailTest" time="0.236" classname="com.maven.PchTestClass.FullRegtest"/>
  <testcase name="CnEmailTest" time="0.241" classname="com.maven.PchTestClass.FullRegtest"/>
  <testcase name="PwdTest" time="0.095" classname="com.maven.PchTestClass.FullRegtest"/>
  <testcase name="CnPwdTest" time="0.09" classname="com.maven.PchTestClass.FullRegtest"/>
  <testcase name="SubmitbtnTest" time="0.091" classname="com.maven.PchTestClass.FullRegtest"/>
  <testcase name="ValidUrlTest" time="0.0" classname="com.maven.PchTestClass.FullRegtest">
    <failure type="org.testng.TestNGException" message="
Cannot inject @Test annotated Method [ValidUrlTest] with [class java.lang.String].
For more information on native dependency injection please refer to http://testng.org/doc/documentation-main.html#native-dependency-injection">
      <![CDATA[org.testng.TestNGException: 
Cannot inject @Test annotated Method [ValidUrlTest] with [class java.lang.String].
For more information on native dependency injection please refer to http://testng.org/doc/documentation-main.html#native-dependency-injection
at java.util.concurrent.ThreadPoolExecutor.runWorker(ThreadPoolExecutor.java:1142)
at java.util.concurrent.ThreadPoolExecutor$Worker.run(ThreadPoolExecutor.java:617)
at java.lang.Thread.run(Thread.java:745)
... Removed 9 stack frames]]>
    </failure>
  </testcase> <!-- ValidUrlTest -->
  <testcase name="Navigationtest" time="0.013" classname="com.maven.PchTestClass.FullRegtest"/>
</testsuite> <!-- FullRegUser Test -->
