<html>
<head>
<title>TestNG:  FullRegUser Test</title>
<link href="../testng.css" rel="stylesheet" type="text/css" />
<link href="../my-testng.css" rel="stylesheet" type="text/css" />

<style type="text/css">
.log { display: none;} 
.stack-trace { display: none;} 
</style>
<script type="text/javascript">
<!--
function flip(e) {
  current = e.style.display;
  if (current == 'block') {
    e.style.display = 'none';
    return 0;
  }
  else {
    e.style.display = 'block';
    return 1;
  }
}

function toggleBox(szDivId, elem, msg1, msg2)
{
  var res = -1;  if (document.getElementById) {
    res = flip(document.getElementById(szDivId));
  }
  else if (document.all) {
    // this is the way old msie versions work
    res = flip(document.all[szDivId]);
  }
  if(elem) {
    if(res == 0) elem.innerHTML = msg1; else elem.innerHTML = msg2;
  }

}

function toggleAllBoxes() {
  if (document.getElementsByTagName) {
    d = document.getElementsByTagName('div');
    for (i = 0; i < d.length; i++) {
      if (d[i].className == 'log') {
        flip(d[i]);
      }
    }
  }
}

// -->
</script>

</head>
<body>
<h2 align='center'>FullRegUser Test</h2><table border='1' align="center">
<tr>
<td>Tests passed/Failed/Skipped:</td><td>14/1/0</td>
</tr><tr>
<td>Started on:</td><td>Fri May 10 20:11:49 IST 2019</td>
</tr>
<tr><td>Total time:</td><td>1 seconds (1876 ms)</td>
</tr><tr>
<td>Included groups:</td><td></td>
</tr><tr>
<td>Excluded groups:</td><td></td>
</tr>
</table><p/>
<small><i>(Hover the method name to see the test class name)</i></small><p/>
<table width='100%' border='1' class='invocation-failed'>
<tr><td colspan='4' align='center'><b>FAILED TESTS</b></td></tr>
<tr><td><b>Test method</b></td>
<td width="30%"><b>Exception</b></td>
<td width="10%"><b>Time (seconds)</b></td>
<td><b>Instance</b></td>
</tr>
<tr>
<td title='com.maven.PchTestClass.FullRegtest.ValidUrlTest()'><b>ValidUrlTest</b><br>Test class: com.maven.PchTestClass.FullRegtest</td>
<td><div><pre>org.testng.TestNGException: 
Cannot inject @Test annotated Method [ValidUrlTest] with [class java.lang.String].
For more information on native dependency injection please refer to http://testng.org/doc/documentation-main.html#native-dependency-injection
	at java.util.concurrent.ThreadPoolExecutor.runWorker(ThreadPoolExecutor.java:1142)
	at java.util.concurrent.ThreadPoolExecutor$Worker.run(ThreadPoolExecutor.java:617)
	at java.lang.Thread.run(Thread.java:745)
... Removed 9 stack frames</pre></div><a href='#' onClick='toggleBox("stack-trace862739030", this, "Click to show all stack frames", "Click to hide stack frames")'>Click to show all stack frames</a>
<div class='stack-trace' id='stack-trace862739030'><pre>org.testng.TestNGException: 
Cannot inject @Test annotated Method [ValidUrlTest] with [class java.lang.String].
For more information on native dependency injection please refer to http://testng.org/doc/documentation-main.html#native-dependency-injection
	at org.testng.internal.Parameters.checkParameterTypes(Parameters.java:407)
	at org.testng.internal.Parameters.createParametersForMethod(Parameters.java:356)
	at org.testng.internal.Parameters.createParameters(Parameters.java:635)
	at org.testng.internal.Parameters.handleParameters(Parameters.java:769)
	at org.testng.internal.ParameterHandler.handleParameters(ParameterHandler.java:49)
	at org.testng.internal.ParameterHandler.createParameters(ParameterHandler.java:37)
	at org.testng.internal.Invoker.invokeTestMethods(Invoker.java:923)
	at org.testng.internal.TestMethodWorker.invokeTestMethods(TestMethodWorker.java:125)
	at org.testng.internal.TestMethodWorker.run(TestMethodWorker.java:109)
	at java.util.concurrent.ThreadPoolExecutor.runWorker(ThreadPoolExecutor.java:1142)
	at java.util.concurrent.ThreadPoolExecutor$Worker.run(ThreadPoolExecutor.java:617)
	at java.lang.Thread.run(Thread.java:745)
</pre></div></td>
<td>0</td>
<td>com.maven.PchTestClass.FullRegtest@49993335</td></tr>
</table><p>
<table width='100%' border='1' class='invocation-passed'>
<tr><td colspan='4' align='center'><b>PASSED TESTS</b></td></tr>
<tr><td><b>Test method</b></td>
<td width="30%"><b>Exception</b></td>
<td width="10%"><b>Time (seconds)</b></td>
<td><b>Instance</b></td>
</tr>
<tr>
<td title='com.maven.PchTestClass.FullRegtest.AddTest()'><b>AddTest</b><br>Test class: com.maven.PchTestClass.FullRegtest<br>Parameters: 101</td>
<td></td>
<td>0</td>
<td>com.maven.PchTestClass.FullRegtest@49993335</td></tr>
<tr>
<td title='com.maven.PchTestClass.FullRegtest.AptTest()'><b>AptTest</b><br>Test class: com.maven.PchTestClass.FullRegtest<br>Parameters: Channel Drive</td>
<td></td>
<td>0</td>
<td>com.maven.PchTestClass.FullRegtest@49993335</td></tr>
<tr>
<td title='com.maven.PchTestClass.FullRegtest.CityTest()'><b>CityTest</b><br>Test class: com.maven.PchTestClass.FullRegtest<br>Parameters: Port Washington</td>
<td></td>
<td>0</td>
<td>com.maven.PchTestClass.FullRegtest@49993335</td></tr>
<tr>
<td title='com.maven.PchTestClass.FullRegtest.CnEmailTest()'><b>CnEmailTest</b><br>Test class: com.maven.PchTestClass.FullRegtest<br>Parameters: pch_central_123@pchmail.com</td>
<td></td>
<td>0</td>
<td>com.maven.PchTestClass.FullRegtest@49993335</td></tr>
<tr>
<td title='com.maven.PchTestClass.FullRegtest.CnPwdTest()'><b>CnPwdTest</b><br>Test class: com.maven.PchTestClass.FullRegtest<br>Parameters: Qwerty</td>
<td></td>
<td>0</td>
<td>com.maven.PchTestClass.FullRegtest@49993335</td></tr>
<tr>
<td title='com.maven.PchTestClass.FullRegtest.EmailTest()'><b>EmailTest</b><br>Test class: com.maven.PchTestClass.FullRegtest<br>Parameters: pch_central_123@pchmail.com</td>
<td></td>
<td>0</td>
<td>com.maven.PchTestClass.FullRegtest@49993335</td></tr>
<tr>
<td title='com.maven.PchTestClass.FullRegtest.FirstNameTest()'><b>FirstNameTest</b><br>Test class: com.maven.PchTestClass.FullRegtest<br>Parameters: Pch</td>
<td></td>
<td>0</td>
<td>com.maven.PchTestClass.FullRegtest@49993335</td></tr>
<tr>
<td title='com.maven.PchTestClass.FullRegtest.LastNameTest()'><b>LastNameTest</b><br>Test class: com.maven.PchTestClass.FullRegtest<br>Parameters: Central</td>
<td></td>
<td>0</td>
<td>com.maven.PchTestClass.FullRegtest@49993335</td></tr>
<tr>
<td title='com.maven.PchTestClass.FullRegtest.Navigationtest()'><b>Navigationtest</b><br>Test class: com.maven.PchTestClass.FullRegtest</td>
<td></td>
<td>0</td>
<td>com.maven.PchTestClass.FullRegtest@49993335</td></tr>
<tr>
<td title='com.maven.PchTestClass.FullRegtest.PwdTest()'><b>PwdTest</b><br>Test class: com.maven.PchTestClass.FullRegtest<br>Parameters: Qwerty</td>
<td></td>
<td>0</td>
<td>com.maven.PchTestClass.FullRegtest@49993335</td></tr>
<tr>
<td title='com.maven.PchTestClass.FullRegtest.StateTest()'><b>StateTest</b><br>Test class: com.maven.PchTestClass.FullRegtest</td>
<td></td>
<td>0</td>
<td>com.maven.PchTestClass.FullRegtest@49993335</td></tr>
<tr>
<td title='com.maven.PchTestClass.FullRegtest.SubmitbtnTest()'><b>SubmitbtnTest</b><br>Test class: com.maven.PchTestClass.FullRegtest</td>
<td></td>
<td>0</td>
<td>com.maven.PchTestClass.FullRegtest@49993335</td></tr>
<tr>
<td title='com.maven.PchTestClass.FullRegtest.TitleTest()'><b>TitleTest</b><br>Test class: com.maven.PchTestClass.FullRegtest</td>
<td></td>
<td>0</td>
<td>com.maven.PchTestClass.FullRegtest@49993335</td></tr>
<tr>
<td title='com.maven.PchTestClass.FullRegtest.ZipTest()'><b>ZipTest</b><br>Test class: com.maven.PchTestClass.FullRegtest<br>Parameters: 11050</td>
<td></td>
<td>0</td>
<td>com.maven.PchTestClass.FullRegtest@49993335</td></tr>
</table><p>
</body>
</html>