<?xml version="1.0" encoding="UTF-8"?>
<!-- Generated by org.testng.reporters.JUnitXMLReporter -->
<testsuite hostname="INW-170" ignored="10" name="Method Test Cases" tests="27" failures="20" timestamp="01 Feb 2019 07:43:26 GMT" time="9.349" errors="0">
  <testcase name="cartest" time="0.177" classname="com.maven.newclasses.Cars"/>
  <testcase name="dropdate" time="0.238" classname="com.maven.newclasses.Cars">
    <failure type="org.openqa.selenium.ElementNotVisibleException" message="element not interactable
  (Session info: chrome=71.0.3578.98)
  (Driver info: chromedriver=2.43.600210 (68dcf5eebde37173d4027fa8635e332711d2874a),platform=Windows NT 10.0.17134 x86_64) (WARNING: The server did not provide any stacktrace information)
Command duration or timeout: 0 milliseconds
Build info: version: &amp;apos;3.14.0&amp;apos;, revision: &amp;apos;aacccce0&amp;apos;, time: &amp;apos;2018-08-02T20:05:20.749Z&amp;apos;
System info: host: &amp;apos;INW-170&amp;apos;, ip: &amp;apos;192.168.0.162&amp;apos;, os.name: &amp;apos;Windows 8.1&amp;apos;, os.arch: &amp;apos;amd64&amp;apos;, os.version: &amp;apos;6.3&amp;apos;, java.version: &amp;apos;1.8.0_40&amp;apos;
Driver info: org.openqa.selenium.chrome.ChromeDriver
Capabilities {acceptInsecureCerts: false, acceptSslCerts: false, applicationCacheEnabled: false, browserConnectionEnabled: false, browserName: chrome, chrome: {chromedriverVersion: 2.43.600210 (68dcf5eebde371..., userDataDir: C:\Users\aayushis\AppData\L...}, cssSelectorsEnabled: true, databaseEnabled: false, goog:chromeOptions: {debuggerAddress: localhost:57711}, handlesAlerts: true, hasTouchScreen: false, javascriptEnabled: true, locationContextEnabled: true, mobileEmulationEnabled: false, nativeEvents: true, networkConnectionEnabled: false, pageLoadStrategy: normal, platform: XP, platformName: XP, rotatable: false, setWindowRect: true, takesHeapSnapshot: true, takesScreenshot: true, unexpectedAlertBehaviour: , unhandledPromptBehavior: , version: 71.0.3578.98, webStorageEnabled: true}
Session ID: 50d2311a963d67699d3d117cf7ab7b05">
      <![CDATA[org.openqa.selenium.ElementNotVisibleException: element not interactable
  (Session info: chrome=71.0.3578.98)
  (Driver info: chromedriver=2.43.600210 (68dcf5eebde37173d4027fa8635e332711d2874a),platform=Windows NT 10.0.17134 x86_64) (WARNING: The server did not provide any stacktrace information)
Command duration or timeout: 0 milliseconds
Build info: version: '3.14.0', revision: 'aacccce0', time: '2018-08-02T20:05:20.749Z'
System info: host: 'INW-170', ip: '192.168.0.162', os.name: 'Windows 8.1', os.arch: 'amd64', os.version: '6.3', java.version: '1.8.0_40'
Driver info: org.openqa.selenium.chrome.ChromeDriver
Capabilities {acceptInsecureCerts: false, acceptSslCerts: false, applicationCacheEnabled: false, browserConnectionEnabled: false, browserName: chrome, chrome: {chromedriverVersion: 2.43.600210 (68dcf5eebde371..., userDataDir: C:\Users\aayushis\AppData\L...}, cssSelectorsEnabled: true, databaseEnabled: false, goog:chromeOptions: {debuggerAddress: localhost:57711}, handlesAlerts: true, hasTouchScreen: false, javascriptEnabled: true, locationContextEnabled: true, mobileEmulationEnabled: false, nativeEvents: true, networkConnectionEnabled: false, pageLoadStrategy: normal, platform: XP, platformName: XP, rotatable: false, setWindowRect: true, takesHeapSnapshot: true, takesScreenshot: true, unexpectedAlertBehaviour: , unhandledPromptBehavior: , version: 71.0.3578.98, webStorageEnabled: true}
Session ID: 50d2311a963d67699d3d117cf7ab7b05
at org.openqa.selenium.remote.ErrorHandler.createThrowable(ErrorHandler.java:214)
at org.openqa.selenium.remote.ErrorHandler.throwIfResponseFailed(ErrorHandler.java:166)
at org.openqa.selenium.remote.http.JsonHttpResponseCodec.reconstructValue(JsonHttpResponseCodec.java:40)
at org.openqa.selenium.remote.http.AbstractHttpResponseCodec.decode(AbstractHttpResponseCodec.java:80)
at org.openqa.selenium.remote.http.AbstractHttpResponseCodec.decode(AbstractHttpResponseCodec.java:44)
at org.openqa.selenium.remote.HttpCommandExecutor.execute(HttpCommandExecutor.java:158)
at org.openqa.selenium.remote.service.DriverCommandExecutor.execute(DriverCommandExecutor.java:83)
at org.openqa.selenium.remote.RemoteWebDriver.execute(RemoteWebDriver.java:548)
at org.openqa.selenium.remote.RemoteWebElement.execute(RemoteWebElement.java:276)
at org.openqa.selenium.remote.RemoteWebElement.click(RemoteWebElement.java:83)
at com.maven.newclasses.Cars.dropdate(Cars.java:68)
at java.util.concurrent.ThreadPoolExecutor.runWorker(ThreadPoolExecutor.java:1142)
at java.util.concurrent.ThreadPoolExecutor$Worker.run(ThreadPoolExecutor.java:617)
at java.lang.Thread.run(Thread.java:745)
... Removed 14 stack frames]]>
    </failure>
  </testcase> <!-- dropdate -->
  <testcase name="droptest" time="0.504" classname="com.maven.newclasses.Cars"/>
  <testcase name="droptime" time="0.924" classname="com.maven.newclasses.Cars"/>
  <testcase name="pickupdate" time="1.478" classname="com.maven.newclasses.Cars"/>
  <testcase name="pickuptest" time="2.415" classname="com.maven.newclasses.Cars"/>
  <testcase name="pickuptime" time="0.268" classname="com.maven.newclasses.Cars"/>
  <testcase name="search" time="1.875" classname="com.maven.newclasses.Cars"/>
  <testcase name="adulttest" time="0.001" classname="com.maven.newclasses.Hotels">
    <failure type="java.lang.NullPointerException">
      <![CDATA[java.lang.NullPointerException
at com.maven.newclasses.Hotels.adulttest(Hotels.java:86)
at java.util.concurrent.ThreadPoolExecutor.runWorker(ThreadPoolExecutor.java:1142)
at java.util.concurrent.ThreadPoolExecutor$Worker.run(ThreadPoolExecutor.java:617)
at java.lang.Thread.run(Thread.java:745)
... Removed 10 stack frames]]>
    </failure>
  </testcase> <!-- adulttest -->
  <testcase name="checkintest" time="0.004" classname="com.maven.newclasses.Hotels">
    <failure type="java.lang.NullPointerException">
      <![CDATA[java.lang.NullPointerException
at com.maven.newclasses.Hotels.checkintest(Hotels.java:54)
at java.util.concurrent.ThreadPoolExecutor.runWorker(ThreadPoolExecutor.java:1142)
at java.util.concurrent.ThreadPoolExecutor$Worker.run(ThreadPoolExecutor.java:617)
at java.lang.Thread.run(Thread.java:745)
... Removed 10 stack frames]]>
    </failure>
  </testcase> <!-- checkintest -->
  <testcase name="checkouttest" time="0.001" classname="com.maven.newclasses.Hotels">
    <failure type="java.lang.NullPointerException">
      <![CDATA[java.lang.NullPointerException
at com.maven.newclasses.Hotels.checkouttest(Hotels.java:70)
at java.util.concurrent.ThreadPoolExecutor.runWorker(ThreadPoolExecutor.java:1142)
at java.util.concurrent.ThreadPoolExecutor$Worker.run(ThreadPoolExecutor.java:617)
at java.lang.Thread.run(Thread.java:745)
... Removed 10 stack frames]]>
    </failure>
  </testcase> <!-- checkouttest -->
  <testcase name="childtest" time="0.001" classname="com.maven.newclasses.Hotels">
    <failure type="java.lang.NullPointerException">
      <![CDATA[java.lang.NullPointerException
at com.maven.newclasses.Hotels.childtest(Hotels.java:96)
at java.util.concurrent.ThreadPoolExecutor.runWorker(ThreadPoolExecutor.java:1142)
at java.util.concurrent.ThreadPoolExecutor$Worker.run(ThreadPoolExecutor.java:617)
at java.lang.Thread.run(Thread.java:745)
... Removed 10 stack frames]]>
    </failure>
  </testcase> <!-- childtest -->
  <testcase name="searchbtn" time="0.014" classname="com.maven.newclasses.Hotels">
    <failure type="java.lang.NullPointerException">
      <![CDATA[java.lang.NullPointerException
at com.maven.newclasses.Hotels.searchbtn(Hotels.java:105)
at java.util.concurrent.ThreadPoolExecutor.runWorker(ThreadPoolExecutor.java:1142)
at java.util.concurrent.ThreadPoolExecutor$Worker.run(ThreadPoolExecutor.java:617)
at java.lang.Thread.run(Thread.java:745)
... Removed 10 stack frames]]>
    </failure>
  </testcase> <!-- searchbtn -->
  <testcase name="searchtest" time="0.004" classname="com.maven.newclasses.Hotels">
    <failure type="java.lang.NullPointerException">
      <![CDATA[java.lang.NullPointerException
at com.maven.newclasses.Hotels.searchtest(Hotels.java:28)
at java.util.concurrent.ThreadPoolExecutor.runWorker(ThreadPoolExecutor.java:1142)
at java.util.concurrent.ThreadPoolExecutor$Worker.run(ThreadPoolExecutor.java:617)
at java.lang.Thread.run(Thread.java:745)
... Removed 10 stack frames]]>
    </failure>
  </testcase> <!-- searchtest -->
  <testcase name="blogtest" time="0.001" classname="com.maven.newclasses.PhpTravels">
    <failure type="java.lang.NullPointerException">
      <![CDATA[java.lang.NullPointerException
at com.maven.newclasses.PhpTravels.blogtest(PhpTravels.java:25)
at java.util.concurrent.ThreadPoolExecutor.runWorker(ThreadPoolExecutor.java:1142)
at java.util.concurrent.ThreadPoolExecutor$Worker.run(ThreadPoolExecutor.java:617)
at java.lang.Thread.run(Thread.java:745)
... Removed 10 stack frames]]>
    </failure>
  </testcase> <!-- blogtest -->
  <testcase name="hometest" time="0.001" classname="com.maven.newclasses.PhpTravels">
    <failure type="java.lang.NullPointerException">
      <![CDATA[java.lang.NullPointerException
at com.maven.newclasses.PhpTravels.hometest(PhpTravels.java:38)
at java.util.concurrent.ThreadPoolExecutor.runWorker(ThreadPoolExecutor.java:1142)
at java.util.concurrent.ThreadPoolExecutor$Worker.run(ThreadPoolExecutor.java:617)
at java.lang.Thread.run(Thread.java:745)
... Removed 10 stack frames]]>
    </failure>
  </testcase> <!-- hometest -->
  <testcase name="imagetest" time="0.003" classname="com.maven.newclasses.PhpTravels">
    <failure type="java.lang.NullPointerException">
      <![CDATA[java.lang.NullPointerException
at com.maven.newclasses.PhpTravels.imagetest(PhpTravels.java:13)
at java.util.concurrent.ThreadPoolExecutor.runWorker(ThreadPoolExecutor.java:1142)
at java.util.concurrent.ThreadPoolExecutor$Worker.run(ThreadPoolExecutor.java:617)
at java.lang.Thread.run(Thread.java:745)
... Removed 10 stack frames]]>
    </failure>
  </testcase> <!-- imagetest -->
  <testcase name="offerstest" time="0.005" classname="com.maven.newclasses.PhpTravels">
    <failure type="java.lang.NullPointerException">
      <![CDATA[java.lang.NullPointerException
at com.maven.newclasses.PhpTravels.offerstest(PhpTravels.java:50)
at java.util.concurrent.ThreadPoolExecutor.runWorker(ThreadPoolExecutor.java:1142)
at java.util.concurrent.ThreadPoolExecutor$Worker.run(ThreadPoolExecutor.java:617)
at java.lang.Thread.run(Thread.java:745)
... Removed 10 stack frames]]>
    </failure>
  </testcase> <!-- offerstest -->
  <testcase name="pictureslidertest" time="0.001" classname="com.maven.newclasses.PhpTravels">
    <failure type="java.lang.NullPointerException">
      <![CDATA[java.lang.NullPointerException
at com.maven.newclasses.PhpTravels.pictureslidertest(PhpTravels.java:63)
at java.util.concurrent.ThreadPoolExecutor.runWorker(ThreadPoolExecutor.java:1142)
at java.util.concurrent.ThreadPoolExecutor$Worker.run(ThreadPoolExecutor.java:617)
at java.lang.Thread.run(Thread.java:745)
... Removed 10 stack frames]]>
    </failure>
  </testcase> <!-- pictureslidertest -->
  <testcase name="visacountry1" time="1.097" classname="com.maven.newclasses.Visa">
    <failure type="java.lang.NullPointerException">
      <![CDATA[java.lang.NullPointerException
at java.util.Objects.requireNonNull(Objects.java:203)
at org.openqa.selenium.support.ui.FluentWait.<init>(FluentWait.java:115)
at org.openqa.selenium.support.ui.WebDriverWait.<init>(WebDriverWait.java:102)
at org.openqa.selenium.support.ui.WebDriverWait.<init>(WebDriverWait.java:45)
at com.maven.newclasses.Visa.visacountry1(Visa.java:30)
at java.util.concurrent.ThreadPoolExecutor.runWorker(ThreadPoolExecutor.java:1142)
at java.util.concurrent.ThreadPoolExecutor$Worker.run(ThreadPoolExecutor.java:617)
at java.lang.Thread.run(Thread.java:745)
... Removed 10 stack frames]]>
    </failure>
  </testcase> <!-- visacountry1 -->
  <testcase name="visatest" time="0.003" classname="com.maven.newclasses.Visa">
    <failure type="java.lang.NullPointerException">
      <![CDATA[java.lang.NullPointerException
at com.maven.newclasses.Visa.visatest(Visa.java:19)
at java.util.concurrent.ThreadPoolExecutor.runWorker(ThreadPoolExecutor.java:1142)
at java.util.concurrent.ThreadPoolExecutor$Worker.run(ThreadPoolExecutor.java:617)
at java.lang.Thread.run(Thread.java:745)
... Removed 10 stack frames]]>
    </failure>
  </testcase> <!-- visatest -->
  <testcase name="flighttest" time="0.002" classname="com.maven.newclasses.Flights">
    <failure type="java.lang.NullPointerException">
      <![CDATA[java.lang.NullPointerException
at com.maven.newclasses.Flights.flighttest(Flights.java:17)
at java.util.concurrent.ThreadPoolExecutor.runWorker(ThreadPoolExecutor.java:1142)
at java.util.concurrent.ThreadPoolExecutor$Worker.run(ThreadPoolExecutor.java:617)
at java.lang.Thread.run(Thread.java:745)
... Removed 10 stack frames]]>
    </failure>
  </testcase> <!-- flighttest -->
  <testcase name="links" time="0.001" classname="com.maven.newclasses.PhpTravelsNew">
    <failure type="java.lang.NullPointerException">
      <![CDATA[java.lang.NullPointerException
at com.maven.newclasses.PhpTravelsNew.links(PhpTravelsNew.java:18)
at java.util.concurrent.ThreadPoolExecutor.runWorker(ThreadPoolExecutor.java:1142)
at java.util.concurrent.ThreadPoolExecutor$Worker.run(ThreadPoolExecutor.java:617)
at java.lang.Thread.run(Thread.java:745)
... Removed 10 stack frames]]>
    </failure>
  </testcase> <!-- links -->
  <testcase name="fromtest" time="0.002" classname="com.maven.newclasses.Flights">
    <failure type="java.lang.NullPointerException">
      <![CDATA[java.lang.NullPointerException
at com.maven.newclasses.Flights.fromtest(Flights.java:25)
at java.util.concurrent.ThreadPoolExecutor.runWorker(ThreadPoolExecutor.java:1142)
at java.util.concurrent.ThreadPoolExecutor$Worker.run(ThreadPoolExecutor.java:617)
at java.lang.Thread.run(Thread.java:745)
... Removed 10 stack frames]]>
    </failure>
  </testcase> <!-- fromtest -->
  <testcase name="sliders" time="0.001" classname="com.maven.newclasses.PhpTravelsNew">
    <failure type="java.lang.NullPointerException">
      <![CDATA[java.lang.NullPointerException
at com.maven.newclasses.PhpTravelsNew.sliders(PhpTravelsNew.java:37)
at java.util.concurrent.ThreadPoolExecutor.runWorker(ThreadPoolExecutor.java:1142)
at java.util.concurrent.ThreadPoolExecutor$Worker.run(ThreadPoolExecutor.java:617)
at java.lang.Thread.run(Thread.java:745)
... Removed 10 stack frames]]>
    </failure>
  </testcase> <!-- sliders -->
  <testcase name="totest" time="0.003" classname="com.maven.newclasses.Flights">
    <failure type="java.lang.NullPointerException">
      <![CDATA[java.lang.NullPointerException
at com.maven.newclasses.Flights.totest(Flights.java:49)
at java.util.concurrent.ThreadPoolExecutor.runWorker(ThreadPoolExecutor.java:1142)
at java.util.concurrent.ThreadPoolExecutor$Worker.run(ThreadPoolExecutor.java:617)
at java.lang.Thread.run(Thread.java:745)
... Removed 10 stack frames]]>
    </failure>
  </testcase> <!-- totest -->
  <testcase name="featuredhotel" time="0.003" classname="com.maven.newclasses.PhpTravelsNew">
    <failure type="java.lang.NullPointerException">
      <![CDATA[java.lang.NullPointerException
at com.maven.newclasses.PhpTravelsNew.featuredhotel(PhpTravelsNew.java:70)
at java.util.concurrent.ThreadPoolExecutor.runWorker(ThreadPoolExecutor.java:1142)
at java.util.concurrent.ThreadPoolExecutor$Worker.run(ThreadPoolExecutor.java:617)
at java.lang.Thread.run(Thread.java:745)
... Removed 10 stack frames]]>
    </failure>
  </testcase> <!-- featuredhotel -->
  <testcase name="@AfterSuite driverQuit" time="0.0" classname="com.maven.abstractpackage.PhpDriver">
    <ignored/>
  </testcase> <!-- @AfterSuite driverQuit -->
  <testcase name="@AfterSuite driverQuit" time="0.0" classname="com.maven.abstractpackage.PhpDriver">
    <ignored/>
  </testcase> <!-- @AfterSuite driverQuit -->
  <testcase name="@AfterSuite driverQuit" time="0.0" classname="com.maven.abstractpackage.PhpDriver">
    <ignored/>
  </testcase> <!-- @AfterSuite driverQuit -->
  <testcase name="@AfterSuite driverQuit" time="0.0" classname="com.maven.abstractpackage.PhpDriver">
    <ignored/>
  </testcase> <!-- @AfterSuite driverQuit -->
  <testcase name="@AfterSuite driverQuit" time="0.0" classname="com.maven.abstractpackage.PhpDriver">
    <ignored/>
  </testcase> <!-- @AfterSuite driverQuit -->
  <testcase name="@BeforeSuite beforetest" time="0.0" classname="com.maven.abstractpackage.PhpDriver">
    <ignored/>
  </testcase> <!-- @BeforeSuite beforetest -->
  <testcase name="@BeforeSuite beforetest" time="0.0" classname="com.maven.abstractpackage.PhpDriver">
    <ignored/>
  </testcase> <!-- @BeforeSuite beforetest -->
  <testcase name="@BeforeSuite beforetest" time="0.0" classname="com.maven.abstractpackage.PhpDriver">
    <ignored/>
  </testcase> <!-- @BeforeSuite beforetest -->
  <testcase name="@BeforeSuite beforetest" time="0.0" classname="com.maven.abstractpackage.PhpDriver">
    <ignored/>
  </testcase> <!-- @BeforeSuite beforetest -->
  <testcase name="@BeforeSuite beforetest" time="0.0" classname="com.maven.abstractpackage.PhpDriver">
    <ignored/>
  </testcase> <!-- @BeforeSuite beforetest -->
</testsuite> <!-- Method Test Cases -->
